app/build/outputs/logs/manifest-merger-debug-report.txt
-- Merging decision tree log ---
manifest
ADDED from src\main\AndroidManifest.xml:2:1-50:12
	package
		ADDED from src\main\AndroidManifest.xml:3:5-32
		INJECTED from src\main\AndroidManifest.xml
		INJECTED from src\main\AndroidManifest.xml
	android:versionName
		INJECTED from src\main\AndroidManifest.xml
		INJECTED from src\main\AndroidManifest.xml
	xmlns:android
		ADDED from src\main\AndroidManifest.xml:2:11-69
	android:versionCode
		INJECTED from src\main\AndroidManifest.xml
		INJECTED from src\main\AndroidManifest.xml
uses-permission#android.permission.ACCESS_FINE_LOCATION
ADDED from src\main\AndroidManifest.xml:10:5-79
	android:name
		ADDED from src\main\AndroidManifest.xml:10:22-76
uses-permission#android.permission.ACCESS_COARSE_LOCATION
ADDED from src\main\AndroidManifest.xml:11:5-81
	android:name
		ADDED from src\main\AndroidManifest.xml:11:22-78
uses-permission#android.permission.INTERNET
ADDED from src\main\AndroidManifest.xml:12:5-67
MERGED from [com.google.android.gms:play-services-maps:10.2.1] AndroidManifest.xml:20:5-66
	android:name
		ADDED from src\main\AndroidManifest.xml:12:22-64
uses-permission#android.permission.VIBRATE
ADDED from src\main\AndroidManifest.xml:13:5-66
	android:name
		ADDED from src\main\AndroidManifest.xml:13:22-63
application
ADDED from src\main\AndroidManifest.xml:15:5-48:19
MERGED from [com.android.support:appcompat-v7:25.3.1] AndroidManifest.xml:29:5-20
MERGED from [com.android.support:animated-vector-drawable:25.3.1] AndroidManifest.xml:26:5-20
MERGED from [com.android.support:support-vector-drawable:25.3.1] AndroidManifest.xml:26:5-20
MERGED from [com.android.support.constraint:constraint-layout:1.0.2] AndroidManifest.xml:9:5-20
MERGED from [com.google.android.gms:play-services-location:10.2.1] AndroidManifest.xml:4:5-19
MERGED from [com.google.android.gms:play-services-places:10.2.1] AndroidManifest.xml:18:5-19
MERGED from [com.google.android.gms:play-services-maps:10.2.1] AndroidManifest.xml:24:5-19
MERGED from [com.google.android.gms:play-services-base:10.2.1] AndroidManifest.xml:18:5-20:19
MERGED from [com.google.android.gms:play-services-tasks:10.2.1] AndroidManifest.xml:4:5-19
MERGED from [com.google.android.gms:play-services-basement:10.2.1] AndroidManifest.xml:19:5-21:19
MERGED from [com.firebase:firebase-jobdispatcher:0.6.0] AndroidManifest.xml:26:5-40:19
MERGED from [com.android.support:support-v4:25.3.1] AndroidManifest.xml:29:5-20
MERGED from [com.android.support:support-fragment:25.3.1] AndroidManifest.xml:29:5-20
MERGED from [com.android.support:support-media-compat:25.3.1] AndroidManifest.xml:29:5-20
MERGED from [com.android.support:support-core-ui:25.3.1] AndroidManifest.xml:29:5-20
MERGED from [com.android.support:support-core-utils:25.3.1] AndroidManifest.xml:29:5-20
MERGED from [com.android.support:support-compat:25.3.1] AndroidManifest.xml:29:5-20
	android:label
		ADDED from src\main\AndroidManifest.xml:18:9-41
	android:supportsRtl
		ADDED from src\main\AndroidManifest.xml:20:9-35
	android:roundIcon
		ADDED from src\main\AndroidManifest.xml:19:9-54
	android:allowBackup
		ADDED from src\main\AndroidManifest.xml:16:9-35
	android:icon
		ADDED from src\main\AndroidManifest.xml:17:9-43
	android:theme
		ADDED from src\main\AndroidManifest.xml:21:9-40
activity#com.vixir.trackie.MapsActivity
ADDED from src\main\AndroidManifest.xml:22:9-29:20
	android:label
		ADDED from src\main\AndroidManifest.xml:24:13-56
	android:name
		ADDED from src\main\AndroidManifest.xml:23:13-41
intent-filter#android.intent.action.MAIN+android.intent.category.LAUNCHER
ADDED from src\main\AndroidManifest.xml:25:13-28:29
action#android.intent.action.MAIN
ADDED from src\main\AndroidManifest.xml:26:17-69
	android:name
		ADDED from src\main\AndroidManifest.xml:26:25-66
category#android.intent.category.LAUNCHER
ADDED from src\main\AndroidManifest.xml:27:17-77
	android:name
		ADDED from src\main\AndroidManifest.xml:27:27-74
service#com.vixir.trackie.LocationUpdateService
ADDED from src\main\AndroidManifest.xml:30:9-32:38
	android:enabled
		ADDED from src\main\AndroidManifest.xml:32:13-35
	android:name
		ADDED from src\main\AndroidManifest.xml:31:13-50
service#com.vixir.trackie.LocationUpdateIntentService
ADDED from src\main\AndroidManifest.xml:33:9-34:59
	android:name
		ADDED from src\main\AndroidManifest.xml:34:13-56
meta-data#com.google.android.geo.API_KEY
ADDED from src\main\AndroidManifest.xml:43:9-45:55
	android:value
		ADDED from src\main\AndroidManifest.xml:45:13-52
	android:name
		ADDED from src\main\AndroidManifest.xml:44:13-58
uses-sdk
INJECTED from src\main\AndroidManifest.xml reason: use-sdk injection requested
MERGED from [com.android.support:appcompat-v7:25.3.1] AndroidManifest.xml:21:5-23:78
MERGED from [com.android.support:animated-vector-drawable:25.3.1] AndroidManifest.xml:20:5-44
MERGED from [com.android.support:support-vector-drawable:25.3.1] AndroidManifest.xml:20:5-43
MERGED from [com.android.support.constraint:constraint-layout:1.0.2] AndroidManifest.xml:5:5-7:41
MERGED from [com.google.android.gms:play-services-location:10.2.1] AndroidManifest.xml:3:5-43
MERGED from [com.google.android.gms:play-services-places:10.2.1] AndroidManifest.xml:17:5-43
MERGED from [com.google.android.gms:play-services-maps:10.2.1] AndroidManifest.xml:23:5-43
MERGED from [com.google.android.gms:play-services-base:10.2.1] AndroidManifest.xml:17:5-43
MERGED from [com.google.android.gms:play-services-tasks:10.2.1] AndroidManifest.xml:3:5-43
MERGED from [com.google.android.gms:play-services-basement:10.2.1] AndroidManifest.xml:17:5-43
MERGED from [com.firebase:firebase-jobdispatcher:0.6.0] AndroidManifest.xml:22:5-24:41
MERGED from [com.android.support:support-v4:25.3.1] AndroidManifest.xml:21:5-23:54
MERGED from [com.android.support:support-fragment:25.3.1] AndroidManifest.xml:21:5-23:60
MERGED from [com.android.support:support-media-compat:25.3.1] AndroidManifest.xml:21:5-23:63
MERGED from [com.android.support:support-core-ui:25.3.1] AndroidManifest.xml:21:5-23:58
MERGED from [com.android.support:support-core-utils:25.3.1] AndroidManifest.xml:21:5-23:61
MERGED from [io.reactivex.rxjava2:rxandroid:2.0.1] AndroidManifest.xml:19:5-43
MERGED from [com.jakewharton:butterknife:8.5.1] AndroidManifest.xml:5:5-43
MERGED from [com.android.support:support-compat:25.3.1] AndroidManifest.xml:21:5-23:58
	tools:overrideLibrary
		ADDED from [com.android.support:appcompat-v7:25.3.1] AndroidManifest.xml:23:9-75
	android:targetSdkVersion
		INJECTED from src\main\AndroidManifest.xml
		INJECTED from src\main\AndroidManifest.xml
	android:minSdkVersion
		INJECTED from src\main\AndroidManifest.xml
		INJECTED from src\main\AndroidManifest.xml
meta-data#android.support.VERSION
ADDED from [com.android.support:appcompat-v7:25.3.1] AndroidManifest.xml:25:5-27:34
MERGED from [com.android.support:animated-vector-drawable:25.3.1] AndroidManifest.xml:22:5-24:34
MERGED from [com.android.support:support-vector-drawable:25.3.1] AndroidManifest.xml:22:5-24:34
MERGED from [com.android.support:support-v4:25.3.1] AndroidManifest.xml:25:5-27:34
MERGED from [com.android.support:support-fragment:25.3.1] AndroidManifest.xml:25:5-27:34
MERGED from [com.android.support:support-media-compat:25.3.1] AndroidManifest.xml:25:5-27:34
MERGED from [com.android.support:support-core-ui:25.3.1] AndroidManifest.xml:25:5-27:34
MERGED from [com.android.support:support-core-utils:25.3.1] AndroidManifest.xml:25:5-27:34
MERGED from [com.android.support:support-compat:25.3.1] AndroidManifest.xml:25:5-27:34
	android:value
		ADDED from [com.android.support:appcompat-v7:25.3.1] AndroidManifest.xml:27:9-31
	android:name
		ADDED from [com.android.support:appcompat-v7:25.3.1] AndroidManifest.xml:26:9-47
uses-permission#android.permission.ACCESS_NETWORK_STATE
ADDED from [com.google.android.gms:play-services-maps:10.2.1] AndroidManifest.xml:19:5-78
	android:name
		ADDED from [com.google.android.gms:play-services-maps:10.2.1] AndroidManifest.xml:19:22-76
uses-feature#0x00020000
ADDED from [com.google.android.gms:play-services-maps:10.2.1] AndroidManifest.xml:21:5-77
	android:glEsVersion
		ADDED from [com.google.android.gms:play-services-maps:10.2.1] AndroidManifest.xml:21:19-51
	android:required
		ADDED from [com.google.android.gms:play-services-maps:10.2.1] AndroidManifest.xml:21:52-75
activity#com.google.android.gms.common.api.GoogleApiActivity
ADDED from [com.google.android.gms:play-services-base:10.2.1] AndroidManifest.xml:19:9-172
	android:exported
		ADDED from [com.google.android.gms:play-services-base:10.2.1] AndroidManifest.xml:19:146-170
	android:theme
		ADDED from [com.google.android.gms:play-services-base:10.2.1] AndroidManifest.xml:19:86-145
	android:name
		ADDED from [com.google.android.gms:play-services-base:10.2.1] AndroidManifest.xml:19:19-85
meta-data#com.google.android.gms.version
ADDED from [com.google.android.gms:play-services-basement:10.2.1] AndroidManifest.xml:20:9-121
	android:value
		ADDED from [com.google.android.gms:play-services-basement:10.2.1] AndroidManifest.xml:20:66-119
	android:name
		ADDED from [com.google.android.gms:play-services-basement:10.2.1] AndroidManifest.xml:20:20-65
service#com.firebase.jobdispatcher.GooglePlayReceiver
ADDED from [com.firebase:firebase-jobdispatcher:0.6.0] AndroidManifest.xml:32:9-39:19
	android:exported
		ADDED from [com.firebase:firebase-jobdispatcher:0.6.0] AndroidManifest.xml:34:13-36
	android:permission
		ADDED from [com.firebase:firebase-jobdispatcher:0.6.0] AndroidManifest.xml:35:13-93
	android:name
		ADDED from [com.firebase:firebase-jobdispatcher:0.6.0] AndroidManifest.xml:33:13-73
intent-filter#com.google.android.gms.gcm.ACTION_TASK_READY
ADDED from [com.firebase:firebase-jobdispatcher:0.6.0] AndroidManifest.xml:36:13-38:29
action#com.google.android.gms.gcm.ACTION_TASK_READY
ADDED from [com.firebase:firebase-jobdispatcher:0.6.0] AndroidManifest.xml:37:17-87
	android:name
		ADDED from [com.firebase:firebase-jobdispatcher:0.6.0] AndroidManifest.xml:37:25-84